<?xml version="1.0" encoding="UTF-8" ?>
<testsuite tests="1" failures="1" name="maven.Bartek.projektMavenBartek.KlasatestujacaTest" time="31.431" errors="0" skipped="0">
  <properties>
[...]
</properties>
  <testcase classname="maven.Bartek.projektMavenBartek.KlasatestujacaTest" name="f" time="31.431">
    <failure message="element not interactable
  (Session info: chrome=81.0.4044.129)
Build info: version: &apos;3.11.0&apos;, revision: &apos;e59cfb3&apos;, time: &apos;2018-03-11T20:26:55.152Z&apos;
System info: host: &apos;DESKTOP-33MCDGD&apos;, ip: &apos;192.168.8.103&apos;, os.name: &apos;Windows 10&apos;, os.arch: &apos;amd64&apos;, os.version: &apos;10.0&apos;, java.version: &apos;1.8.0_192&apos;
Driver info: org.openqa.selenium.chrome.ChromeDriver
Capabilities {acceptInsecureCerts: false, browserName: chrome, browserVersion: 81.0.4044.129, chrome: {chromedriverVersion: 81.0.4044.69 (6813546031a4b..., userDataDir: C:\WINDOWS\TEMP\scoped_dir8...}, goog:chromeOptions: {debuggerAddress: localhost:55132}, javascriptEnabled: true, networkConnectionEnabled: false, pageLoadStrategy: normal, platform: WINDOWS, platformName: WINDOWS, proxy: Proxy(), setWindowRect: true, strictFileInteractability: false, timeouts: {implicit: 0, pageLoad: 300000, script: 30000}, unhandledPromptBehavior: dismiss and notify, webauthn:virtualAuthenticators: true}
Session ID: fd17ce9c896fb1bbc50f03df97e90abb" type="org.openqa.selenium.ElementNotInteractableException">org.openqa.selenium.ElementNotInteractableException: element not interactable
  (Session info: chrome=81.0.4044.129)
Build info: version: &apos;3.11.0&apos;, revision: &apos;e59cfb3&apos;, time: &apos;2018-03-11T20:26:55.152Z&apos;
System info: host: &apos;DESKTOP-33MCDGD&apos;, ip: &apos;192.168.8.103&apos;, os.name: &apos;Windows 10&apos;, os.arch: &apos;amd64&apos;, os.version: &apos;10.0&apos;, java.version: &apos;1.8.0_192&apos;
Driver info: org.openqa.selenium.chrome.ChromeDriver
Capabilities {acceptInsecureCerts: false, browserName: chrome, browserVersion: 81.0.4044.129, chrome: {chromedriverVersion: 81.0.4044.69 (6813546031a4b..., userDataDir: C:\WINDOWS\TEMP\scoped_dir8...}, goog:chromeOptions: {debuggerAddress: localhost:55132}, javascriptEnabled: true, networkConnectionEnabled: false, pageLoadStrategy: normal, platform: WINDOWS, platformName: WINDOWS, proxy: Proxy(), setWindowRect: true, strictFileInteractability: false, timeouts: {implicit: 0, pageLoad: 300000, script: 30000}, unhandledPromptBehavior: dismiss and notify, webauthn:virtualAuthenticators: true}
Session ID: fd17ce9c896fb1bbc50f03df97e90abb
	at sun.reflect.NativeConstructorAccessorImpl.newInstance0(Native Method)
	at sun.reflect.NativeConstructorAccessorImpl.newInstance(NativeConstructorAccessorImpl.java:62)
	at sun.reflect.DelegatingConstructorAccessorImpl.newInstance(DelegatingConstructorAccessorImpl.java:45)
	at java.lang.reflect.Constructor.newInstance(Constructor.java:423)
	at org.openqa.selenium.remote.http.W3CHttpResponseCodec.createException(W3CHttpResponseCodec.java:187)
	at org.openqa.selenium.remote.http.W3CHttpResponseCodec.decode(W3CHttpResponseCodec.java:122)
	at org.openqa.selenium.remote.http.W3CHttpResponseCodec.decode(W3CHttpResponseCodec.java:49)
	at org.openqa.selenium.remote.HttpCommandExecutor.execute(HttpCommandExecutor.java:158)
	at org.openqa.selenium.remote.service.DriverCommandExecutor.execute(DriverCommandExecutor.java:83)
	at org.openqa.selenium.remote.RemoteWebDriver.execute(RemoteWebDriver.java:545)
	at org.openqa.selenium.remote.RemoteWebElement.execute(RemoteWebElement.java:279)
	at org.openqa.selenium.remote.RemoteWebElement.sendKeys(RemoteWebElement.java:100)
	at sun.reflect.NativeMethodAccessorImpl.invoke0(Native Method)
	at sun.reflect.NativeMethodAccessorImpl.invoke(NativeMethodAccessorImpl.java:62)
	at sun.reflect.DelegatingMethodAccessorImpl.invoke(DelegatingMethodAccessorImpl.java:43)
	at java.lang.reflect.Method.invoke(Method.java:498)
	at org.openqa.selenium.support.pagefactory.internal.LocatingElementHandler.invoke(LocatingElementHandler.java:51)
	at com.sun.proxy.$Proxy7.sendKeys(Unknown Source)
	at maven.Bartek.projektMavenBartek.elementy.wpisz_skad(elementy.java:46)
	at maven.Bartek.projektMavenBartek.KlasatestujacaTest.f(KlasatestujacaTest.java:36)
</failure>
    <system-out>Configuring TestNG with: org.apache.maven.surefire.testng.conf.TestNG652Configurator@6996db8
</system-out>
    <system-err>Starting ChromeDriver 81.0.4044.69 (6813546031a4bc83f717a2ef7cd4ac6ec1199132-refs/branch-heads/4044@{#776}) on port 24163
Only local connections are allowed.
Please protect ports used by ChromeDriver and related test frameworks to prevent access by malicious code.
maj 01, 2020 11:39:07 PM org.openqa.selenium.remote.ProtocolHandshake createSession
INFO: Detected dialect: W3C
[1588369151.225][SEVERE]: Timed out receiving message from renderer: 0.100
[1588369152.172][SEVERE]: Timed out receiving message from renderer: 0.100
[1588369153.153][SEVERE]: Timed out receiving message from renderer: 0.100
[1588369153.411][SEVERE]: Timed out receiving message from renderer: 0.100
[1588369153.521][SEVERE]: Timed out receiving message from renderer: 0.100
[1588369153.717][SEVERE]: Timed out receiving message from renderer: 0.100
[1588369153.841][SEVERE]: Timed out receiving message from renderer: 0.100
[1588369153.953][SEVERE]: Timed out receiving message from renderer: 0.100
[1588369154.727][SEVERE]: Timed out receiving message from renderer: 0.100
[1588369154.838][SEVERE]: Timed out receiving message from renderer: 0.100
[1588369154.974][SEVERE]: Timed out receiving message from renderer: 0.100
[1588369155.087][SEVERE]: Timed out receiving message from renderer: 0.100
[1588369155.204][SEVERE]: Timed out receiving message from renderer: 0.100
[1588369155.315][SEVERE]: Timed out receiving message from renderer: 0.100
[1588369155.499][SEVERE]: Timed out receiving message from renderer: 0.100
[1588369155.605][SEVERE]: Timed out receiving message from renderer: 0.100
[1588369155.714][SEVERE]: Timed out receiving message from renderer: 0.100
[1588369155.826][SEVERE]: Timed out receiving message from renderer: 0.100
[1588369155.947][SEVERE]: Timed out receiving message from renderer: 0.100
[1588369156.092][SEVERE]: Timed out receiving message from renderer: 0.100
[1588369156.217][SEVERE]: Timed out receiving message from renderer: 0.100
[1588369156.327][SEVERE]: Timed out receiving message from renderer: 0.100
[1588369156.437][SEVERE]: Timed out receiving message from renderer: 0.100
[1588369156.654][SEVERE]: Timed out receiving message from renderer: 0.100
[1588369156.772][SEVERE]: Timed out receiving message from renderer: 0.100
[1588369156.885][SEVERE]: Timed out receiving message from renderer: 0.100
[1588369156.989][SEVERE]: Timed out receiving message from renderer: 0.100
[1588369157.125][SEVERE]: Timed out receiving message from renderer: 0.100
[1588369157.240][SEVERE]: Timed out receiving message from renderer: 0.100
[1588369157.354][SEVERE]: Timed out receiving message from renderer: 0.100
[1588369157.473][SEVERE]: Timed out receiving message from renderer: 0.100
[1588369157.624][SEVERE]: Timed out receiving message from renderer: 0.100
[1588369157.748][SEVERE]: Timed out receiving message from renderer: 0.100
[1588369157.853][SEVERE]: Timed out receiving message from renderer: 0.100
[1588369157.966][SEVERE]: Timed out receiving message from renderer: 0.100
[1588369158.070][SEVERE]: Timed out receiving message from renderer: 0.100
[1588369158.179][SEVERE]: Timed out receiving message from renderer: 0.100
[1588369158.289][SEVERE]: Timed out receiving message from renderer: 0.100
[1588369158.930][SEVERE]: Timed out receiving message from renderer: 0.100
[1588369159.050][SEVERE]: Timed out receiving message from renderer: 0.100
[1588369159.192][SEVERE]: Timed out receiving message from renderer: 0.100
[1588369159.363][SEVERE]: Timed out receiving message from renderer: 0.100
[1588369159.471][SEVERE]: Timed out receiving message from renderer: 0.100
[1588369159.647][SEVERE]: Timed out receiving message from renderer: 0.100
[1588369159.756][SEVERE]: Timed out receiving message from renderer: 0.100
[1588369159.982][SEVERE]: Timed out receiving message from renderer: 0.100
[1588369160.124][SEVERE]: Timed out receiving message from renderer: 0.100
[1588369160.350][SEVERE]: Timed out receiving message from renderer: 0.100
</system-err>
  </testcase>
</testsuite>